Determining if the pthread_create exist failed with the following output:
Change Dir: /home/mouwang/catkin_ws/build/CMakeFiles/CMakeTmp

Run Build Command:"/usr/bin/make" "cmTC_40f25/fast"
/usr/bin/make -f CMakeFiles/cmTC_40f25.dir/build.make CMakeFiles/cmTC_40f25.dir/build
make[1]: 进入目录“/home/mouwang/catkin_ws/build/CMakeFiles/CMakeTmp”
Building C object CMakeFiles/cmTC_40f25.dir/CheckSymbolExists.c.o
/usr/bin/cc    -o CMakeFiles/cmTC_40f25.dir/CheckSymbolExists.c.o   -c /home/mouwang/catkin_ws/build/CMakeFiles/CMakeTmp/CheckSymbolExists.c
Linking C executable cmTC_40f25
/usr/bin/cmake -E cmake_link_script CMakeFiles/cmTC_40f25.dir/link.txt --verbose=1
/usr/bin/cc      -rdynamic CMakeFiles/cmTC_40f25.dir/CheckSymbolExists.c.o  -o cmTC_40f25 
CMakeFiles/cmTC_40f25.dir/CheckSymbolExists.c.o：在函数‘main’中：
CheckSymbolExists.c:(.text+0x1b)：对‘pthread_create’未定义的引用
collect2: error: ld returned 1 exit status
CMakeFiles/cmTC_40f25.dir/build.make:97: recipe for target 'cmTC_40f25' failed
make[1]: *** [cmTC_40f25] Error 1
make[1]: 离开目录“/home/mouwang/catkin_ws/build/CMakeFiles/CMakeTmp”
Makefile:126: recipe for target 'cmTC_40f25/fast' failed
make: *** [cmTC_40f25/fast] Error 2

File /home/mouwang/catkin_ws/build/CMakeFiles/CMakeTmp/CheckSymbolExists.c:
/* */
#include <pthread.h>

int main(int argc, char** argv)
{
  (void)argv;
#ifndef pthread_create
  return ((int*)(&pthread_create))[argc];
#else
  (void)argc;
  return 0;
#endif
}

Determining if the function pthread_create exists in the pthreads failed with the following output:
Change Dir: /home/mouwang/catkin_ws/build/CMakeFiles/CMakeTmp

Run Build Command:"/usr/bin/make" "cmTC_086df/fast"
/usr/bin/make -f CMakeFiles/cmTC_086df.dir/build.make CMakeFiles/cmTC_086df.dir/build
make[1]: 进入目录“/home/mouwang/catkin_ws/build/CMakeFiles/CMakeTmp”
Building C object CMakeFiles/cmTC_086df.dir/CheckFunctionExists.c.o
/usr/bin/cc   -DCHECK_FUNCTION_EXISTS=pthread_create   -o CMakeFiles/cmTC_086df.dir/CheckFunctionExists.c.o   -c /usr/share/cmake-3.10/Modules/CheckFunctionExists.c
Linking C executable cmTC_086df
/usr/bin/cmake -E cmake_link_script CMakeFiles/cmTC_086df.dir/link.txt --verbose=1
/usr/bin/cc  -DCHECK_FUNCTION_EXISTS=pthread_create    -rdynamic CMakeFiles/cmTC_086df.dir/CheckFunctionExists.c.o  -o cmTC_086df -lpthreads 
/usr/bin/ld: 找不到 -lpthreads
collect2: error: ld returned 1 exit status
CMakeFiles/cmTC_086df.dir/build.make:97: recipe for target 'cmTC_086df' failed
make[1]: *** [cmTC_086df] Error 1
make[1]: 离开目录“/home/mouwang/catkin_ws/build/CMakeFiles/CMakeTmp”
Makefile:126: recipe for target 'cmTC_086df/fast' failed
make: *** [cmTC_086df/fast] Error 2


